<?xml version="1.0" encoding="UTF-8" standalone="yes"?><!DOCTYPE report PUBLIC "-//JACOCO//DTD Report 1.1//EN" "report.dtd"><report name="manager-app"><sessioninfo id="Matthews-MacBook-Pro-3.local-50f16fd9" start="1785186284329" dump="1785186301694"/><sessioninfo id="Matthews-MacBook-Pro-3.local-f64b35f5" start="1785186307369" dump="1785186325040"/><sessioninfo id="Matthews-MacBook-Pro-3.local-a8a70da" start="1785186331746" dump="1785186348309"/><package name="com/revature/expensemanager/config"><class name="com/revature/expensemanager/config/DatabaseConfig" sourcefilename="DatabaseConfig.java"><method name="&lt;init&gt;" desc="()V" line="7"><counter type="INSTRUCTION" missed="3" covered="0"/><counter type="LINE" missed="1" covered="0"/><counter type="COMPLEXITY" missed="1" covered="0"/><counter type="METHOD" missed="1" covered="0"/></method><method name="getConnection" desc="()Ljava/sql/Connection;" line="21"><counter type="INSTRUCTION" missed="7" covered="7"/><counter type="LINE" missed="2" covered="3"/><counter type="COMPLEXITY" missed="0" covered="1"/><counter type="METHOD" missed="0" covered="1"/></method><method name="resolveDbUrl" desc="()Ljava/lang/String;" line="35"><counter type="INSTRUCTION" missed="12" covered="10"/><counter type="BRANCH" missed="6" covered="2"/><counter type="LINE" missed="4" covered="3"/><counter type="COMPLEXITY" missed="4" covered="1"/><counter type="METHOD" missed="0" covered="1"/></method><counter type="INSTRUCTION" missed="22" covered="17"/><counter type="BRANCH" missed="6" covered="2"/><counter type="LINE" missed="7" covered="6"/><counter type="COMPLEXITY" missed="5" covered="2"/><counter type="METHOD" missed="1" covered="2"/><counter type="CLASS" missed="0" covered="1"/></class><class name="com/revature/expensemanager/config/AppConfig" sourcefilename="AppConfig.java"><method name="&lt;init&gt;" desc="()V" line="9"><counter type="INSTRUCTION" missed="0" covered="17"/><counter type="LINE" missed="0" covered="5"/><counter type="COMPLEXITY" missed="0" covered="1"/><counter type="METHOD" missed="0" covered="1"/></method><method name="getJwtSecret" desc="()Ljava/lang/String;" line="17"><counter type="INSTRUCTION" missed="0" covered="3"/><counter type="LINE" missed="0" covered="1"/><counter type="COMPLEXITY" missed="0" covered="1"/><counter type="METHOD" missed="0" covered="1"/></method><method name="getJwtExpirationHours" desc="()I" line="21"><counter type="INSTRUCTION" missed="0" covered="3"/><counter type="LINE" missed="0" covered="1"/><counter type="COMPLEXITY" missed="0" covered="1"/><counter type="METHOD" missed="0" covered="1"/></method><method name="getRequired" desc="(Lio/github/cdimascio/dotenv/Dotenv;Ljava/lang/String;)Ljava/lang/String;" line="25"><counter type="INSTRUCTION" missed="6" covered="11"/><counter type="BRANCH" missed="2" covered="2"/><counter type="LINE" missed="1" covered="3"/><counter type="COMPLEXITY" missed="2" covered="1"/><counter type="METHOD" missed="0" covered="1"/></method><method name="getRequiredInt" desc="(Lio/github/cdimascio/dotenv/Dotenv;Ljava/lang/String;)I" line="35"><counter type="INSTRUCTION" missed="8" covered="8"/><counter type="LINE" missed="2" covered="2"/><counter type="COMPLEXITY" missed="0" covered="1"/><counter type="METHOD" missed="0" covered="1"/></method><counter type="INSTRUCTION" missed="14" covered="42"/><counter type="BRANCH" missed="2" covered="2"/><counter type="LINE" missed="3" covered="12"/><counter type="COMPLEXITY" missed="2" covered="5"/><counter type="METHOD" missed="0" covered="5"/><counter type="CLASS" missed="0" covered="1"/></class><sourcefile name="DatabaseConfig.java"><line nr="7" mi="3" ci="0" mb="0" cb="0"/><line nr="21" mi="0" ci="3" mb="0" cb="0"/><line nr="22" mi="1" ci="0" mb="0" cb="0"/><line nr="23" mi="6" ci="0" mb="0" cb="0"/><line nr="24" mi="0" ci="1" mb="0" cb="0"/><line nr="26" mi="0" ci="3" mb="0" cb="0"/><line nr="35" mi="0" ci="3" mb="0" cb="0"/><line nr="36" mi="0" ci="5" mb="2" cb="2"/><line nr="37" mi="0" ci="2" mb="0" cb="0"/><line nr="40" mi="3" ci="0" mb="0" cb="0"/><line nr="41" mi="5" ci="0" mb="4" cb="0"/><line nr="42" mi="2" ci="0" mb="0" cb="0"/><line nr="45" mi="2" ci="0" mb="0" cb="0"/><counter type="INSTRUCTION" missed="22" covered="17"/><counter type="BRANCH" missed="6" covered="2"/><counter type="LINE" missed="7" covered="6"/><counter type="COMPLEXITY" missed="5" covered="2"/><counter type="METHOD" missed="1" covered="2"/><counter type="CLASS" missed="0" covered="1"/></sourcefile><sourcefile name="AppConfig.java"><line nr="9" mi="0" ci="2" mb="0" cb="0"/><line nr="10" mi="0" ci="2" mb="0" cb="0"/><line nr="12" mi="0" ci="6" mb="0" cb="0"/><line nr="13" mi="0" ci="6" mb="0" cb="0"/><line nr="14" mi="0" ci="1" mb="0" cb="0"/><line nr="17" mi="0" ci="3" mb="0" cb="0"/><line nr="21" mi="0" ci="3" mb="0" cb="0"/><line nr="25" mi="0" ci="4" mb="0" cb="0"/><line nr="27" mi="0" ci="5" mb="2" cb="2"/><line nr="28" mi="6" ci="0" mb="0" cb="0"/><line nr="31" mi="0" ci="2" mb="0" cb="0"/><line nr="35" mi="0" ci="5" mb="0" cb="0"/><line nr="38" mi="0" ci="3" mb="0" cb="0"/><line nr="39" mi="1" ci="0" mb="0" cb="0"/><line nr="40" mi="7" ci="0" mb="0" cb="0"/><counter type="INSTRUCTION" missed="14" covered="42"/><counter type="BRANCH" missed="2" covered="2"/><counter type="LINE" missed="3" covered="12"/><counter type="COMPLEXITY" missed="2" covered="5"/><counter type="METHOD" missed="0" covered="5"/><counter type="CLASS" missed="0" covered="1"/></sourcefile><counter type="INSTRUCTION" missed="36" covered="59"/><counter type="BRANCH" missed="8" covered="4"/><counter type="LINE" missed="10" covered="18"/><counter type="COMPLEXITY" missed="7" covered="7"/><counter type="METHOD" missed="1" covered="7"/><counter type="CLASS" missed="0" covered="2"/></package><package name="com/revature/expensemanager/middleware"><class name="com/revature/expensemanager/middleware/AuthMiddleware" sourcefilename="AuthMiddleware.java"><method name="&lt;init&gt;" desc="(Lcom/revature/expensemanager/service/JwtService;)V" line="20"><counter type="INSTRUCTION" missed="0" covered="6"/><counter type="LINE" missed="0" covered="3"/><counter type="COMPLEXITY" missed="0" covered="1"/><counter type="METHOD" missed="0" covered="1"/></method><method name="requireManager" desc="(Lio/javalin/http/Context;)V" line="27"><counter type="INSTRUCTION" missed="1" covered="171"/><counter type="BRANCH" missed="1" covered="19"/><counter type="LINE" missed="1" covered="43"/><counter type="COMPLEXITY" missed="1" covered="10"/><counter type="METHOD" missed="0" covered="1"/></method><method name="&lt;clinit&gt;" desc="()V" line="16"><counter type="INSTRUCTION" missed="0" covered="4"/><counter type="LINE" missed="0" covered="1"/><counter type="COMPLEXITY" missed="0" covered="1"/><counter type="METHOD" missed="0" covered="1"/></method><counter type="INSTRUCTION" missed="1" covered="181"/><counter type="BRANCH" missed="1" covered="19"/><counter type="LINE" missed="1" covered="47"/><counter type="COMPLEXITY" missed="1" covered="12"/><counter type="METHOD" missed="0" covered="3"/><counter type="CLASS" missed="0" covered="1"/></class><sourcefile name="AuthMiddleware.java"><line nr="16" mi="0" ci="4" mb="0" cb="0"/><line nr="20" mi="0" ci="2" mb="0" cb="0"/><line nr="21" mi="0" ci="3" mb="0" cb="0"/><line nr="22" mi="0" ci="1" mb="0" cb="0"/><line nr="27" mi="0" ci="4" mb="1" cb="1"/><line nr="28" mi="1" ci="0" mb="0" cb="0"/><line nr="31" mi="0" ci="4" mb="0" cb="0"/><line nr="33" mi="0" ci="5" mb="0" cb="4"/><line nr="34" mi="0" ci="3" mb="0" cb="0"/><line nr="36" mi="0" ci="7" mb="0" cb="0"/><line nr="37" mi="0" ci="2" mb="0" cb="0"/><line nr="38" mi="0" ci="3" mb="0" cb="0"/><line nr="39" mi="0" ci="1" mb="0" cb="0"/><line nr="42" mi="0" ci="4" mb="0" cb="2"/><line nr="43" mi="0" ci="3" mb="0" cb="0"/><line nr="45" mi="0" ci="7" mb="0" cb="0"/><line nr="46" mi="0" ci="2" mb="0" cb="0"/><line nr="47" mi="0" ci="3" mb="0" cb="0"/><line nr="48" mi="0" ci="1" mb="0" cb="0"/><line nr="51" mi="0" ci="5" mb="0" cb="0"/><line nr="54" mi="0" ci="5" mb="0" cb="0"/><line nr="55" mi="0" ci="5" mb="0" cb="0"/><line nr="56" mi="0" ci="5" mb="0" cb="0"/><line nr="57" mi="0" ci="5" mb="0" cb="0"/><line nr="59" mi="0" ci="10" mb="0" cb="8"/><line nr="60" mi="0" ci="2" mb="0" cb="2"/><line nr="62" mi="0" ci="3" mb="0" cb="0"/><line nr="64" mi="0" ci="7" mb="0" cb="0"/><line nr="65" mi="0" ci="2" mb="0" cb="0"/><line nr="66" mi="0" ci="3" mb="0" cb="0"/><line nr="67" mi="0" ci="1" mb="0" cb="0"/><line nr="70" mi="0" ci="4" mb="0" cb="2"/><line nr="71" mi="0" ci="17" mb="0" cb="0"/><line nr="76" mi="0" ci="7" mb="0" cb="0"/><line nr="77" mi="0" ci="2" mb="0" cb="0"/><line nr="78" mi="0" ci="3" mb="0" cb="0"/><line nr="79" mi="0" ci="1" mb="0" cb="0"/><line nr="82" mi="0" ci="5" mb="0" cb="0"/><line nr="84" mi="0" ci="4" mb="0" cb="0"/><line nr="85" mi="0" ci="4" mb="0" cb="0"/><line nr="86" mi="0" ci="4" mb="0" cb="0"/><line nr="88" mi="0" ci="1" mb="0" cb="0"/><line nr="89" mi="0" ci="3" mb="0" cb="0"/><line nr="91" mi="0" ci="7" mb="0" cb="0"/><line nr="92" mi="0" ci="2" mb="0" cb="0"/><line nr="93" mi="0" ci="3" mb="0" cb="0"/><line nr="94" mi="0" ci="1" mb="0" cb="0"/><line nr="95" mi="0" ci="1" mb="0" cb="0"/><counter type="INSTRUCTION" missed="1" covered="181"/><counter type="BRANCH" missed="1" covered="19"/><counter type="LINE" missed="1" covered="47"/><counter type="COMPLEXITY" missed="1" covered="12"/><counter type="METHOD" missed="0" covered="3"/><counter type="CLASS" missed="0" covered="1"/></sourcefile><counter type="INSTRUCTION" missed="1" covered="181"/><counter type="BRANCH" missed="1" covered="19"/><counter type="LINE" missed="1" covered="47"/><counter type="COMPLEXITY" missed="1" covered="12"/><counter type="METHOD" missed="0" covered="3"/><counter type="CLASS" missed="0" covered="1"/></package><package name="com/revature/expensemanager"><class name="com/revature/expensemanager/AppFactory" sourcefilename="AppFactory.java"><method name="build" desc="()Lio/javalin/Javalin;" line="46"><counter type="INSTRUCTION" missed="0" covered="78"/><counter type="LINE" missed="0" covered="15"/><counter type="COMPLEXITY" missed="0" covered="1"/><counter type="METHOD" missed="0" covered="1"/></method><method name="lambda$build$0" desc="(Lcom/revature/expensemanager/controller/AuthController;Lcom/revature/expensemanager/middleware/AuthMiddleware;Lcom/revature/expensemanager/controller/ExpenseController;Lcom/revature/expensemanager/controller/ReportController;Lio/javalin/config/JavalinConfig;)V" line="69"><counter type="INSTRUCTION" missed="0" covered="132"/><counter type="LINE" missed="0" covered="15"/><counter type="COMPLEXITY" missed="0" covered="1"/><counter type="METHOD" missed="0" covered="1"/></method><method name="lambda$build$3" desc="(Ljava/lang/RuntimeException;Lio/javalin/http/Context;)V" line="91"><counter type="INSTRUCTION" missed="12" covered="0"/><counter type="LINE" missed="4" covered="0"/><counter type="COMPLEXITY" missed="1" covered="0"/><counter type="METHOD" missed="1" covered="0"/></method><method name="lambda$build$1" desc="(Lio/javalin/plugin/bundled/CorsPluginConfig;)V" line="69"><counter type="INSTRUCTION" missed="0" covered="5"/><counter type="LINE" missed="0" covered="1"/><counter type="COMPLEXITY" missed="0" covered="1"/><counter type="METHOD" missed="0" covered="1"/></method><method name="lambda$build$2" desc="(Lio/javalin/plugin/bundled/CorsPluginConfig$CorsRule;)V" line="70"><counter type="INSTRUCTION" missed="0" covered="13"/><counter type="LINE" missed="0" covered="3"/><counter type="COMPLEXITY" missed="0" covered="1"/><counter type="METHOD" missed="0" covered="1"/></method><counter type="INSTRUCTION" missed="12" covered="228"/><counter type="LINE" missed="4" covered="33"/><counter type="COMPLEXITY" missed="1" covered="4"/><counter type="METHOD" missed="1" covered="4"/><counter type="CLASS" missed="0" covered="1"/></class><class name="com/revature/expensemanager/Main" sourcefilename="Main.java"><method name="&lt;init&gt;" desc="()V" line="3"><counter type="INSTRUCTION" missed="3" covered="0"/><counter type="LINE" missed="1" covered="0"/><counter type="COMPLEXITY" missed="1" covered="0"/><counter type="METHOD" missed="1" covered="0"/></method><method name="main" desc="([Ljava/lang/String;)V" line="8"><counter type="INSTRUCTION" missed="5" covered="0"/><counter type="LINE" missed="2" covered="0"/><counter type="COMPLEXITY" missed="1" covered="0"/><counter type="METHOD" missed="1" covered="0"/></method><counter type="INSTRUCTION" missed="8" covered="0"/><counter type="LINE" missed="3" covered="0"/><counter type="COMPLEXITY" missed="2" covered="0"/><counter type="METHOD" missed="2" covered="0"/><counter type="CLASS" missed="1" covered="0"/></class><sourcefile name="AppFactory.java"><line nr="46" mi="0" ci="4" mb="0" cb="0"/><line nr="48" mi="0" ci="4" mb="0" cb="0"/><line nr="49" mi="0" ci="4" mb="0" cb="0"/><line nr="50" mi="0" ci="4" mb="0" cb="0"/><line nr="51" mi="0" ci="4" mb="0" cb="0"/><line nr="53" mi="0" ci="5" mb="0" cb="0"/><line nr="54" mi="0" ci="6" mb="0" cb="0"/><line nr="55" mi="0" ci="6" mb="0" cb="0"/><line nr="56" mi="0" ci="4" mb="0" cb="0"/><line nr="57" mi="0" ci="8" mb="0" cb="0"/><line nr="59" mi="0" ci="5" mb="0" cb="0"/><line nr="61" mi="0" ci="6" mb="0" cb="0"/><line nr="62" mi="0" ci="5" mb="0" cb="0"/><line nr="63" mi="0" ci="6" mb="0" cb="0"/><line nr="65" mi="0" ci="7" mb="0" cb="0"/><line nr="69" mi="0" ci="10" mb="0" cb="0"/><line nr="70" mi="0" ci="9" mb="0" cb="0"/><line nr="71" mi="0" ci="3" mb="0" cb="0"/><line nr="72" mi="0" ci="1" mb="0" cb="0"/><line nr="74" mi="0" ci="10" mb="0" cb="0"/><line nr="76" mi="0" ci="10" mb="0" cb="0"/><line nr="77" mi="0" ci="10" mb="0" cb="0"/><line nr="78" mi="0" ci="10" mb="0" cb="0"/><line nr="79" mi="0" ci="10" mb="0" cb="0"/><line nr="81" mi="0" ci="10" mb="0" cb="0"/><line nr="82" mi="0" ci="10" mb="0" cb="0"/><line nr="84" mi="0" ci="10" mb="0" cb="0"/><line nr="85" mi="0" ci="10" mb="0" cb="0"/><line nr="86" mi="0" ci="10" mb="0" cb="0"/><line nr="87" mi="0" ci="10" mb="0" cb="0"/><line nr="88" mi="0" ci="10" mb="0" cb="0"/><line nr="90" mi="0" ci="6" mb="0" cb="0"/><line nr="91" mi="2" ci="0" mb="0" cb="0"/><line nr="92" mi="7" ci="0" mb="0" cb="0"/><line nr="93" mi="2" ci="0" mb="0" cb="0"/><line nr="94" mi="1" ci="0" mb="0" cb="0"/><line nr="95" mi="0" ci="1" mb="0" cb="0"/><counter type="INSTRUCTION" missed="12" covered="228"/><counter type="LINE" missed="4" covered="33"/><counter type="COMPLEXITY" missed="1" covered="4"/><counter type="METHOD" missed="1" covered="4"/><counter type="CLASS" missed="0" covered="1"/></sourcefile><sourcefile name="Main.java"><line nr="3" mi="3" ci="0" mb="0" cb="0"/><line nr="8" mi="4" ci="0" mb="0" cb="0"/><line nr="9" mi="1" ci="0" mb="0" cb="0"/><counter type="INSTRUCTION" missed="8" covered="0"/><counter type="LINE" missed="3" covered="0"/><counter type="COMPLEXITY" missed="2" covered="0"/><counter type="METHOD" missed="2" covered="0"/><counter type="CLASS" missed="1" covered="0"/></sourcefile><counter type="INSTRUCTION" missed="20" covered="228"/><counter type="LINE" missed="7" covered="33"/><counter type="COMPLEXITY" missed="3" covered="4"/><counter type="METHOD" missed="3" covered="4"/><counter type="CLASS" missed="1" covered="1"/></package><package name="com/revature/expensemanager/service"><class name="com/revature/expensemanager/service/ExpenseService" sourcefilename="ExpenseService.java"><method name="&lt;init&gt;" desc="(Lcom/revature/expensemanager/dao/ExpenseDAO;Lcom/revature/expensemanager/dao/ApprovalDAO;)V" line="20"><counter type="INSTRUCTION" missed="0" covered="9"/><counter type="LINE" missed="0" covered="4"/><counter type="COMPLEXITY" missed="0" covered="1"/><counter type="METHOD" missed="0" covered="1"/></method><method name="getPendingExpenses" desc="()Ljava/util/List;" line="26"><counter type="INSTRUCTION" missed="0" covered="4"/><counter type="LINE" missed="0" covered="1"/><counter type="COMPLEXITY" missed="0" covered="1"/><counter type="METHOD" missed="0" covered="1"/></method><method name="reviewExpense" desc="(IILcom/revature/expensemanager/dto/ApprovalRequest;)Z" line="30"><counter type="INSTRUCTION" missed="0" covered="105"/><counter type="BRANCH" missed="0" covered="18"/><counter type="LINE" missed="0" covered="22"/><counter type="COMPLEXITY" missed="0" covered="10"/><counter type="METHOD" missed="0" covered="1"/></method><method name="&lt;clinit&gt;" desc="()V" line="15"><counter type="INSTRUCTION" missed="0" covered="4"/><counter type="LINE" missed="0" covered="1"/><counter type="COMPLEXITY" missed="0" covered="1"/><counter type="METHOD" missed="0" covered="1"/></method><counter type="INSTRUCTION" missed="0" covered="122"/><counter type="BRANCH" missed="0" covered="18"/><counter type="LINE" missed="0" covered="28"/><counter type="COMPLEXITY" missed="0" covered="13"/><counter type="METHOD" missed="0" covered="4"/><counter type="CLASS" missed="0" covered="1"/></class><class name="com/revature/expensemanager/service/AuthService" sourcefilename="AuthService.java"><method name="&lt;init&gt;" desc="(Lcom/revature/expensemanager/dao/UserDAO;)V" line="18"><counter type="INSTRUCTION" missed="0" covered="6"/><counter type="LINE" missed="0" covered="3"/><counter type="COMPLEXITY" missed="0" covered="1"/><counter type="METHOD" missed="0" covered="1"/></method><method name="login" desc="(Lcom/revature/expensemanager/dto/LoginRequest;)Ljava/util/Optional;" line="23"><counter type="INSTRUCTION" missed="5" covered="53"/><counter type="BRANCH" missed="1" covered="11"/><counter type="LINE" missed="2" covered="16"/><counter type="COMPLEXITY" missed="1" covered="6"/><counter type="METHOD" missed="0" covered="1"/></method><method name="lambda$login$2" desc="(Lcom/revature/expensemanager/model/User;)Lcom/revature/expensemanager/dto/LoginResponse;" line="43"><counter type="INSTRUCTION" missed="0" covered="10"/><counter type="LINE" missed="0" covered="4"/><counter type="COMPLEXITY" missed="0" covered="1"/><counter type="METHOD" missed="0" covered="1"/></method><method name="lambda$login$1" desc="(Lcom/revature/expensemanager/model/User;)Z" line="42"><counter type="INSTRUCTION" missed="0" covered="5"/><counter type="LINE" missed="0" covered="1"/><counter type="COMPLEXITY" missed="0" covered="1"/><counter type="METHOD" missed="0" covered="1"/></method><method name="lambda$login$0" desc="(Ljava/lang/String;Lcom/revature/expensemanager/model/User;)Z" line="40"><counter type="INSTRUCTION" missed="0" covered="8"/><counter type="LINE" missed="0" covered="2"/><counter type="COMPLEXITY" missed="0" covered="1"/><counter type="METHOD" missed="0" covered="1"/></method><method name="&lt;clinit&gt;" desc="()V" line="14"><counter type="INSTRUCTION" missed="0" covered="4"/><counter type="LINE" missed="0" covered="1"/><counter type="COMPLEXITY" missed="0" covered="1"/><counter type="METHOD" missed="0" covered="1"/></method><counter type="INSTRUCTION" missed="5" covered="86"/><counter type="BRANCH" missed="1" covered="11"/><counter type="LINE" missed="2" covered="24"/><counter type="COMPLEXITY" missed="1" covered="11"/><counter type="METHOD" missed="0" covered="6"/><counter type="CLASS" missed="0" covered="1"/></class><class name="com/revature/expensemanager/service/ReportService" sourcefilename="ReportService.java"><method name="&lt;init&gt;" desc="(Lcom/revature/expensemanager/dao/ReportDAO;Lcom/revature/expensemanager/dao/UserDAO;)V" line="14"><counter type="INSTRUCTION" missed="0" covered="9"/><counter type="LINE" missed="0" covered="4"/><counter type="COMPLEXITY" missed="0" covered="1"/><counter type="METHOD" missed="0" covered="1"/></method><method name="getExpensesByEmployee" desc="(I)Ljava/util/List;" line="20"><counter type="INSTRUCTION" missed="0" covered="5"/><counter type="LINE" missed="0" covered="1"/><counter type="COMPLEXITY" missed="0" covered="1"/><counter type="METHOD" missed="0" covered="1"/></method><method name="getExpensesByCategory" desc="(Ljava/lang/String;)Ljava/util/List;" line="24"><counter type="INSTRUCTION" missed="0" covered="5"/><counter type="LINE" missed="0" covered="1"/><counter type="COMPLEXITY" missed="0" covered="1"/><counter type="METHOD" missed="0" covered="1"/></method><method name="getExpensesByDateRange" desc="(Ljava/lang/String;Ljava/lang/String;)Ljava/util/List;" line="28"><counter type="INSTRUCTION" missed="0" covered="6"/><counter type="LINE" missed="0" covered="1"/><counter type="COMPLEXITY" missed="0" covered="1"/><counter type="METHOD" missed="0" covered="1"/></method><method name="employeeExists" desc="(I)Z" line="32"><counter type="INSTRUCTION" missed="0" covered="8"/><counter type="LINE" missed="0" covered="3"/><counter type="COMPLEXITY" missed="0" covered="1"/><counter type="METHOD" missed="0" covered="1"/></method><method name="getEmployees" desc="()Ljava/util/List;" line="38"><counter type="INSTRUCTION" missed="0" covered="4"/><counter type="LINE" missed="0" covered="1"/><counter type="COMPLEXITY" missed="0" covered="1"/><counter type="METHOD" missed="0" covered="1"/></method><method name="lambda$employeeExists$0" desc="(Lcom/revature/expensemanager/model/User;)Z" line="33"><counter type="INSTRUCTION" missed="0" covered="5"/><counter type="LINE" missed="0" covered="1"/><counter type="COMPLEXITY" missed="0" covered="1"/><counter type="METHOD" missed="0" covered="1"/></method><counter type="INSTRUCTION" missed="0" covered="42"/><counter type="LINE" missed="0" covered="11"/><counter type="COMPLEXITY" missed="0" covered="7"/><counter type="METHOD" missed="0" covered="7"/><counter type="CLASS" missed="0" covered="1"/></class><class name="com/revature/expensemanager/service/ReportExportService" sourcefilename="ReportExportService.java"><method name="&lt;init&gt;" desc="()V" line="18"><counter type="INSTRUCTION" missed="0" covered="3"/><counter type="LINE" missed="0" covered="1"/><counter type="COMPLEXITY" missed="0" covered="1"/><counter type="METHOD" missed="0" covered="1"/></method><method name="exportExpensesToCsv" desc="(Ljava/util/List;Ljava/lang/String;)Ljava/lang/String;" line="25"><counter type="INSTRUCTION" missed="0" covered="76"/><counter type="LINE" missed="0" covered="15"/><counter type="COMPLEXITY" missed="0" covered="1"/><counter type="METHOD" missed="0" covered="1"/></method><method name="&lt;clinit&gt;" desc="()V" line="19"><counter type="INSTRUCTION" missed="0" covered="7"/><counter type="LINE" missed="0" covered="2"/><counter type="COMPLEXITY" missed="0" covered="1"/><counter type="METHOD" missed="0" covered="1"/></method><counter type="INSTRUCTION" missed="0" covered="86"/><counter type="LINE" missed="0" covered="18"/><counter type="COMPLEXITY" missed="0" covered="3"/><counter type="METHOD" missed="0" covered="3"/><counter type="CLASS" missed="0" covered="1"/></class><class name="com/revature/expensemanager/service/JwtService" sourcefilename="JwtService.java"><method name="&lt;init&gt;" desc="(Ljava/lang/String;I)V" line="18"><counter type="INSTRUCTION" missed="0" covered="36"/><counter type="BRANCH" missed="0" covered="6"/><counter type="LINE" missed="0" covered="9"/><counter type="COMPLEXITY" missed="0" covered="4"/><counter type="METHOD" missed="0" covered="1"/></method><method name="generateToken" desc="(ILjava/lang/String;Ljava/lang/String;)Ljava/lang/String;" line="32"><counter type="INSTRUCTION" missed="0" covered="29"/><counter type="LINE" missed="0" covered="10"/><counter type="COMPLEXITY" missed="0" covered="1"/><counter type="METHOD" missed="0" covered="1"/></method><method name="validateToken" desc="(Ljava/lang/String;)Lcom/auth0/jwt/interfaces/DecodedJWT;" line="46"><counter type="INSTRUCTION" missed="0" covered="5"/><counter type="LINE" missed="0" covered="1"/><counter type="COMPLEXITY" missed="0" covered="1"/><counter type="METHOD" missed="0" covered="1"/></method><method name="getUserId" desc="(Lcom/auth0/jwt/interfaces/DecodedJWT;)Ljava/lang/Integer;" line="50"><counter type="INSTRUCTION" missed="0" covered="5"/><counter type="LINE" missed="0" covered="1"/><counter type="COMPLEXITY" missed="0" covered="1"/><counter type="METHOD" missed="0" covered="1"/></method><method name="getUsername" desc="(Lcom/auth0/jwt/interfaces/DecodedJWT;)Ljava/lang/String;" line="54"><counter type="INSTRUCTION" missed="0" covered="5"/><counter type="LINE" missed="0" covered="1"/><counter type="COMPLEXITY" missed="0" covered="1"/><counter type="METHOD" missed="0" covered="1"/></method><method name="getRole" desc="(Lcom/auth0/jwt/interfaces/DecodedJWT;)Ljava/lang/String;" line="58"><counter type="INSTRUCTION" missed="0" covered="5"/><counter type="LINE" missed="0" covered="1"/><counter type="COMPLEXITY" missed="0" covered="1"/><counter type="METHOD" missed="0" covered="1"/></method><counter type="INSTRUCTION" missed="0" covered="85"/><counter type="BRANCH" missed="0" covered="6"/><counter type="LINE" missed="0" covered="23"/><counter type="COMPLEXITY" missed="0" covered="9"/><counter type="METHOD" missed="0" covered="6"/><counter type="CLASS" missed="0" covered="1"/></class><sourcefile name="AuthService.java"><line nr="14" mi="0" ci="4" mb="0" cb="0"/><line nr="18" mi="0" ci="2" mb="0" cb="0"/><line nr="19" mi="0" ci="3" mb="0" cb="0"/><line nr="20" mi="0" ci="1" mb="0" cb="0"/><line nr="23" mi="0" ci="2" mb="1" cb="1"/><line nr="24" mi="3" ci="0" mb="0" cb="0"/><line nr="25" mi="2" ci="0" mb="0" cb="0"/><line nr="28" mi="0" ci="3" mb="0" cb="0"/><line nr="29" mi="0" ci="3" mb="0" cb="0"/><line nr="31" mi="0" ci="8" mb="0" cb="6"/><line nr="32" mi="0" ci="2" mb="0" cb="2"/><line nr="33" mi="0" ci="3" mb="0" cb="0"/><line nr="34" mi="0" ci="2" mb="0" cb="0"/><line nr="37" mi="0" ci="4" mb="0" cb="0"/><line nr="39" mi="0" ci="6" mb="0" cb="0"/><line nr="40" mi="0" ci="5" mb="0" cb="0"/><line nr="41" mi="0" ci="5" mb="0" cb="0"/><line nr="42" mi="0" ci="7" mb="0" cb="0"/><line nr="43" mi="0" ci="6" mb="0" cb="0"/><line nr="44" mi="0" ci="2" mb="0" cb="0"/><line nr="45" mi="0" ci="2" mb="0" cb="0"/><line nr="46" mi="0" ci="2" mb="0" cb="0"/><line nr="48" mi="0" ci="3" mb="0" cb="2"/><line nr="49" mi="0" ci="5" mb="0" cb="0"/><line nr="51" mi="0" ci="4" mb="0" cb="0"/><line nr="54" mi="0" ci="2" mb="0" cb="0"/><counter type="INSTRUCTION" missed="5" covered="86"/><counter type="BRANCH" missed="1" covered="11"/><counter type="LINE" missed="2" covered="24"/><counter type="COMPLEXITY" missed="1" covered="11"/><counter type="METHOD" missed="0" covered="6"/><counter type="CLASS" missed="0" covered="1"/></sourcefile><sourcefile name="ExpenseService.java"><line nr="15" mi="0" ci="4" mb="0" cb="0"/><line nr="20" mi="0" ci="2" mb="0" cb="0"/><line nr="21" mi="0" ci="3" mb="0" cb="0"/><line nr="22" mi="0" ci="3" mb="0" cb="0"/><line nr="23" mi="0" ci="1" mb="0" cb="0"/><line nr="26" mi="0" ci="4" mb="0" cb="0"/><line nr="30" mi="0" ci="9" mb="0" cb="6"/><line nr="31" mi="0" ci="3" mb="0" cb="0"/><line nr="32" mi="0" ci="2" mb="0" cb="0"/><line nr="35" mi="0" ci="4" mb="0" cb="0"/><line nr="37" mi="0" ci="8" mb="0" cb="4"/><line nr="38" mi="0" ci="4" mb="0" cb="0"/><line nr="39" mi="0" ci="2" mb="0" cb="0"/><line nr="42" mi="0" ci="6" mb="0" cb="2"/><line nr="43" mi="0" ci="5" mb="0" cb="0"/><line nr="44" mi="0" ci="2" mb="0" cb="0"/><line nr="47" mi="0" ci="8" mb="0" cb="0"/><line nr="49" mi="0" ci="7" mb="0" cb="4"/><line nr="50" mi="0" ci="5" mb="0" cb="0"/><line nr="51" mi="0" ci="2" mb="0" cb="0"/><line nr="54" mi="0" ci="8" mb="0" cb="0"/><line nr="58" mi="0" ci="1" mb="0" cb="0"/><line nr="60" mi="0" ci="2" mb="0" cb="2"/><line nr="61" mi="0" ci="13" mb="0" cb="0"/><line nr="63" mi="0" ci="5" mb="0" cb="0"/><line nr="64" mi="0" ci="2" mb="0" cb="0"/><line nr="66" mi="0" ci="5" mb="0" cb="0"/><line nr="69" mi="0" ci="2" mb="0" cb="0"/><counter type="INSTRUCTION" missed="0" covered="122"/><counter type="BRANCH" missed="0" covered="18"/><counter type="LINE" missed="0" covered="28"/><counter type="COMPLEXITY" missed="0" covered="13"/><counter type="METHOD" missed="0" covered="4"/><counter type="CLASS" missed="0" covered="1"/></sourcefile><sourcefile name="ReportService.java"><line nr="14" mi="0" ci="2" mb="0" cb="0"/><line nr="15" mi="0" ci="3" mb="0" cb="0"/><line nr="16" mi="0" ci="3" mb="0" cb="0"/><line nr="17" mi="0" ci="1" mb="0" cb="0"/><line nr="20" mi="0" ci="5" mb="0" cb="0"/><line nr="24" mi="0" ci="5" mb="0" cb="0"/><line nr="28" mi="0" ci="6" mb="0" cb="0"/><line nr="32" mi="0" ci="6" mb="0" cb="0"/><line nr="33" mi="0" ci="6" mb="0" cb="0"/><line nr="34" mi="0" ci="1" mb="0" cb="0"/><line nr="38" mi="0" ci="4" mb="0" cb="0"/><counter type="INSTRUCTION" missed="0" covered="42"/><counter type="LINE" missed="0" covered="11"/><counter type="COMPLEXITY" missed="0" covered="7"/><counter type="METHOD" missed="0" covered="7"/><counter type="CLASS" missed="0" covered="1"/></sourcefile><sourcefile name="ReportExportService.java"><line nr="18" mi="0" ci="3" mb="0" cb="0"/><line nr="19" mi="0" ci="3" mb="0" cb="0"/><line nr="22" mi="0" ci="4" mb="0" cb="0"/><line nr="25" mi="0" ci="1" mb="0" cb="0"/><line nr="26" mi="0" ci="5" mb="0" cb="0"/><line nr="30" mi="0" ci="8" mb="0" cb="0"/><line nr="32" mi="0" ci="10" mb="0" cb="0"/><line nr="34" mi="0" ci="4" mb="0" cb="0"/><line nr="36" mi="0" ci="5" mb="0" cb="0"/><line nr="38" mi="0" ci="6" mb="0" cb="0"/><line nr="40" mi="0" ci="4" mb="0" cb="0"/><line nr="42" mi="0" ci="2" mb="0" cb="0"/><line nr="43" mi="0" ci="2" mb="0" cb="0"/><line nr="45" mi="0" ci="3" mb="0" cb="0"/><line nr="46" mi="0" ci="1" mb="0" cb="0"/><line nr="47" mi="0" ci="12" mb="0" cb="0"/><line nr="50" mi="0" ci="7" mb="0" cb="0"/><line nr="52" mi="0" ci="6" mb="0" cb="0"/><counter type="INSTRUCTION" missed="0" covered="86"/><counter type="LINE" missed="0" covered="18"/><counter type="COMPLEXITY" missed="0" covered="3"/><counter type="METHOD" missed="0" covered="3"/><counter type="CLASS" missed="0" covered="1"/></sourcefile><sourcefile name="JwtService.java"><line nr="18" mi="0" ci="2" mb="0" cb="0"/><line nr="19" mi="0" ci="5" mb="0" cb="4"/><line nr="20" mi="0" ci="5" mb="0" cb="0"/><line nr="22" mi="0" ci="2" mb="0" cb="2"/><line nr="23" mi="0" ci="5" mb="0" cb="0"/><line nr="26" mi="0" ci="4" mb="0" cb="0"/><line nr="27" mi="0" ci="8" mb="0" cb="0"/><line nr="28" mi="0" ci="4" mb="0" cb="0"/><line nr="29" mi="0" ci="1" mb="0" cb="0"/><line nr="32" mi="0" ci="2" mb="0" cb="0"/><line nr="34" mi="0" ci="3" mb="0" cb="0"/><line nr="35" mi="0" ci="2" mb="0" cb="0"/><line nr="36" mi="0" ci="3" mb="0" cb="0"/><line nr="37" mi="0" ci="4" mb="0" cb="0"/><line nr="38" mi="0" ci="3" mb="0" cb="0"/><line nr="39" mi="0" ci="2" mb="0" cb="0"/><line nr="40" mi="0" ci="5" mb="0" cb="0"/><line nr="41" mi="0" ci="4" mb="0" cb="0"/><line nr="42" mi="0" ci="1" mb="0" cb="0"/><line nr="46" mi="0" ci="5" mb="0" cb="0"/><line nr="50" mi="0" ci="5" mb="0" cb="0"/><line nr="54" mi="0" ci="5" mb="0" cb="0"/><line nr="58" mi="0" ci="5" mb="0" cb="0"/><counter type="INSTRUCTION" missed="0" covered="85"/><counter type="BRANCH" missed="0" covered="6"/><counter type="LINE" missed="0" covered="23"/><counter type="COMPLEXITY" missed="0" covered="9"/><counter type="METHOD" missed="0" covered="6"/><counter type="CLASS" missed="0" covered="1"/></sourcefile><counter type="INSTRUCTION" missed="5" covered="421"/><counter type="BRANCH" missed="1" covered="35"/><counter type="LINE" missed="2" covered="104"/><counter type="COMPLEXITY" missed="1" covered="43"/><counter type="METHOD" missed="0" covered="26"/><counter type="CLASS" missed="0" covered="5"/></package><package name="com/revature/expensemanager/controller"><class name="com/revature/expensemanager/controller/ExpenseController" sourcefilename="ExpenseController.java"><method name="&lt;init&gt;" desc="(Lcom/revature/expensemanager/service/ExpenseService;)V" line="22"><counter type="INSTRUCTION" missed="0" covered="6"/><counter type="LINE" missed="0" covered="3"/><counter type="COMPLEXITY" missed="0" covered="1"/><counter type="METHOD" missed="0" covered="1"/></method><method name="getPendingExpenses" desc="(Lio/javalin/http/Context;)V" line="27"><counter type="INSTRUCTION" missed="0" covered="27"/><counter type="LINE" missed="0" covered="7"/><counter type="COMPLEXITY" missed="0" covered="1"/><counter type="METHOD" missed="0" covered="1"/></method><method name="reviewExpense" desc="(Lio/javalin/http/Context;)V" line="42"><counter type="INSTRUCTION" missed="119" covered="0"/><counter type="BRANCH" missed="2" covered="0"/><counter type="LINE" missed="27" covered="0"/><counter type="COMPLEXITY" missed="2" covered="0"/><counter type="METHOD" missed="1" covered="0"/></method><method name="&lt;clinit&gt;" desc="()V" line="18"><counter type="INSTRUCTION" missed="0" covered="4"/><counter type="LINE" missed="0" covered="1"/><counter type="COMPLEXITY" missed="0" covered="1"/><counter type="METHOD" missed="0" covered="1"/></method><counter type="INSTRUCTION" missed="119" covered="37"/><counter type="BRANCH" missed="2" covered="0"/><counter type="LINE" missed="27" covered="11"/><counter type="COMPLEXITY" missed="2" covered="3"/><counter type="METHOD" missed="1" covered="3"/><counter type="CLASS" missed="0" covered="1"/></class><class name="com/revature/expensemanager/controller/ReportController" sourcefilename="ReportController.java"><method name="&lt;init&gt;" desc="(Lcom/revature/expensemanager/service/ReportService;Lcom/revature/expensemanager/service/ReportExportService;)V" line="26"><counter type="INSTRUCTION" missed="0" covered="9"/><counter type="LINE" missed="0" covered="4"/><counter type="COMPLEXITY" missed="0" covered="1"/><counter type="METHOD" missed="0" covered="1"/></method><method name="getExpensesByEmployee" desc="(Lio/javalin/http/Context;)V" line="32"><counter type="INSTRUCTION" missed="73" covered="53"/><counter type="BRANCH" missed="3" covered="5"/><counter type="LINE" missed="17" covered="15"/><counter type="COMPLEXITY" missed="2" covered="3"/><counter type="METHOD" missed="0" covered="1"/></method><method name="getExpensesByCategory" desc="(Lio/javalin/http/Context;)V" line="81"><counter type="INSTRUCTION" missed="0" covered="73"/><counter type="LINE" missed="0" covered="17"/><counter type="COMPLEXITY" missed="0" covered="1"/><counter type="METHOD" missed="0" covered="1"/></method><method name="getExpensesByDateRange" desc="(Lio/javalin/http/Context;)V" line="109"><counter type="INSTRUCTION" missed="0" covered="137"/><counter type="BRANCH" missed="0" covered="10"/><counter type="LINE" missed="0" covered="28"/><counter type="COMPLEXITY" missed="0" covered="6"/><counter type="METHOD" missed="0" covered="1"/></method><method name="getEmployees" desc="(Lio/javalin/http/Context;)V" line="163"><counter type="INSTRUCTION" missed="0" covered="9"/><counter type="LINE" missed="0" covered="4"/><counter type="COMPLEXITY" missed="0" covered="1"/><counter type="METHOD" missed="0" covered="1"/></method><method name="exportIfRequested" desc="(Lio/javalin/http/Context;Ljava/util/List;Ljava/lang/String;Ljava/lang/Integer;)V" line="170"><counter type="INSTRUCTION" missed="47" covered="9"/><counter type="BRANCH" missed="1" covered="1"/><counter type="LINE" missed="5" covered="3"/><counter type="COMPLEXITY" missed="1" covered="1"/><counter type="METHOD" missed="0" covered="1"/></method><method name="&lt;clinit&gt;" desc="()V" line="21"><counter type="INSTRUCTION" missed="0" covered="4"/><counter type="LINE" missed="0" covered="1"/><counter type="COMPLEXITY" missed="0" covered="1"/><counter type="METHOD" missed="0" covered="1"/></method><counter type="INSTRUCTION" missed="120" covered="294"/><counter type="BRANCH" missed="4" covered="16"/><counter type="LINE" missed="22" covered="72"/><counter type="COMPLEXITY" missed="3" covered="14"/><counter type="METHOD" missed="0" covered="7"/><counter type="CLASS" missed="0" covered="1"/></class><class name="com/revature/expensemanager/controller/AuthController" sourcefilename="AuthController.java"><method name="&lt;init&gt;" desc="(Lcom/revature/expensemanager/service/AuthService;Lcom/revature/expensemanager/service/JwtService;)V" line="23"><counter type="INSTRUCTION" missed="0" covered="9"/><counter type="LINE" missed="0" covered="4"/><counter type="COMPLEXITY" missed="0" covered="1"/><counter type="METHOD" missed="0" covered="1"/></method><method name="login" desc="(Lio/javalin/http/Context;)V" line="29"><counter type="INSTRUCTION" missed="0" covered="70"/><counter type="BRANCH" missed="0" covered="4"/><counter type="LINE" missed="0" covered="20"/><counter type="COMPLEXITY" missed="0" covered="3"/><counter type="METHOD" missed="0" covered="1"/></method><method name="me" desc="(Lio/javalin/http/Context;)V" line="64"><counter type="INSTRUCTION" missed="28" covered="0"/><counter type="LINE" missed="5" covered="0"/><counter type="COMPLEXITY" missed="1" covered="0"/><counter type="METHOD" missed="1" covered="0"/></method><method name="&lt;clinit&gt;" desc="()V" line="18"><counter type="INSTRUCTION" missed="0" covered="4"/><counter type="LINE" missed="0" covered="1"/><counter type="COMPLEXITY" missed="0" covered="1"/><counter type="METHOD" missed="0" covered="1"/></method><counter type="INSTRUCTION" missed="28" covered="83"/><counter type="BRANCH" missed="0" covered="4"/><counter type="LINE" missed="5" covered="25"/><counter type="COMPLEXITY" missed="1" covered="5"/><counter type="METHOD" missed="1" covered="3"/><counter type="CLASS" missed="0" covered="1"/></class><sourcefile name="ExpenseController.java"><line nr="18" mi="0" ci="4" mb="0" cb="0"/><line nr="22" mi="0" ci="2" mb="0" cb="0"/><line nr="23" mi="0" ci="3" mb="0" cb="0"/><line nr="24" mi="0" ci="1" mb="0" cb="0"/><line nr="27" mi="0" ci="5" mb="0" cb="0"/><line nr="29" mi="0" ci="4" mb="0" cb="0"/><line nr="31" mi="0" ci="4" mb="0" cb="0"/><line nr="33" mi="0" ci="5" mb="0" cb="0"/><line nr="35" mi="0" ci="2" mb="0" cb="0"/><line nr="37" mi="0" ci="6" mb="0" cb="0"/><line nr="38" mi="0" ci="1" mb="0" cb="0"/><line nr="42" mi="4" ci="0" mb="0" cb="0"/><line nr="45" mi="3" ci="0" mb="0" cb="0"/><line nr="46" mi="1" ci="0" mb="0" cb="0"/><line nr="47" mi="4" ci="0" mb="0" cb="0"/><line nr="49" mi="7" ci="0" mb="0" cb="0"/><line nr="50" mi="2" ci="0" mb="0" cb="0"/><line nr="51" mi="1" ci="0" mb="0" cb="0"/><line nr="52" mi="1" ci="0" mb="0" cb="0"/><line nr="54" mi="5" ci="0" mb="0" cb="0"/><line nr="56" mi="5" ci="0" mb="0" cb="0"/><line nr="58" mi="8" ci="0" mb="0" cb="0"/><line nr="59" mi="9" ci="0" mb="0" cb="0"/><line nr="61" mi="2" ci="0" mb="0" cb="0"/><line nr="63" mi="8" ci="0" mb="0" cb="0"/><line nr="65" mi="2" ci="0" mb="2" cb="0"/><line nr="66" mi="8" ci="0" mb="0" cb="0"/><line nr="67" mi="9" ci="0" mb="0" cb="0"/><line nr="69" mi="2" ci="0" mb="0" cb="0"/><line nr="71" mi="7" ci="0" mb="0" cb="0"/><line nr="72" mi="2" ci="0" mb="0" cb="0"/><line nr="74" mi="1" ci="0" mb="0" cb="0"/><line nr="77" mi="8" ci="0" mb="0" cb="0"/><line nr="78" mi="9" ci="0" mb="0" cb="0"/><line nr="80" mi="2" ci="0" mb="0" cb="0"/><line nr="82" mi="5" ci="0" mb="0" cb="0"/><line nr="83" mi="3" ci="0" mb="0" cb="0"/><line nr="84" mi="1" ci="0" mb="0" cb="0"/><counter type="INSTRUCTION" missed="119" covered="37"/><counter type="BRANCH" missed="2" covered="0"/><counter type="LINE" missed="27" covered="11"/><counter type="COMPLEXITY" missed="2" covered="3"/><counter type="METHOD" missed="1" covered="3"/><counter type="CLASS" missed="0" covered="1"/></sourcefile><sourcefile name="AuthController.java"><line nr="18" mi="0" ci="4" mb="0" cb="0"/><line nr="23" mi="0" ci="2" mb="0" cb="0"/><line nr="24" mi="0" ci="3" mb="0" cb="0"/><line nr="25" mi="0" ci="3" mb="0" cb="0"/><line nr="26" mi="0" ci="1" mb="0" cb="0"/><line nr="29" mi="0" ci="5" mb="0" cb="0"/><line nr="31" mi="0" ci="7" mb="0" cb="2"/><line nr="33" mi="0" ci="4" mb="0" cb="0"/><line nr="35" mi="0" ci="5" mb="0" cb="0"/><line nr="37" mi="0" ci="3" mb="0" cb="2"/><line nr="38" mi="0" ci="4" mb="0" cb="0"/><line nr="40" mi="0" ci="7" mb="0" cb="0"/><line nr="41" mi="0" ci="2" mb="0" cb="0"/><line nr="43" mi="0" ci="1" mb="0" cb="0"/><line nr="46" mi="0" ci="4" mb="0" cb="0"/><line nr="48" mi="0" ci="5" mb="0" cb="0"/><line nr="49" mi="0" ci="2" mb="0" cb="0"/><line nr="50" mi="0" ci="2" mb="0" cb="0"/><line nr="51" mi="0" ci="1" mb="0" cb="0"/><line nr="53" mi="0" ci="3" mb="0" cb="0"/><line nr="55" mi="0" ci="4" mb="0" cb="0"/><line nr="57" mi="0" ci="3" mb="0" cb="0"/><line nr="58" mi="0" ci="1" mb="0" cb="0"/><line nr="60" mi="0" ci="6" mb="0" cb="0"/><line nr="61" mi="0" ci="1" mb="0" cb="0"/><line nr="64" mi="5" ci="0" mb="0" cb="0"/><line nr="65" mi="5" ci="0" mb="0" cb="0"/><line nr="66" mi="5" ci="0" mb="0" cb="0"/><line nr="68" mi="12" ci="0" mb="0" cb="0"/><line nr="69" mi="1" ci="0" mb="0" cb="0"/><counter type="INSTRUCTION" missed="28" covered="83"/><counter type="BRANCH" missed="0" covered="4"/><counter type="LINE" missed="5" covered="25"/><counter type="COMPLEXITY" missed="1" covered="5"/><counter type="METHOD" missed="1" covered="3"/><counter type="CLASS" missed="0" covered="1"/></sourcefile><sourcefile name="ReportController.java"><line nr="21" mi="0" ci="4" mb="0" cb="0"/><line nr="26" mi="0" ci="2" mb="0" cb="0"/><line nr="27" mi="0" ci="3" mb="0" cb="0"/><line nr="28" mi="0" ci="3" mb="0" cb="0"/><line nr="29" mi="0" ci="1" mb="0" cb="0"/><line nr="32" mi="0" ci="5" mb="0" cb="0"/><line nr="33" mi="0" ci="4" mb="0" cb="0"/><line nr="35" mi="0" ci="5" mb="0" cb="0"/><line nr="37" mi="0" ci="5" mb="0" cb="4"/><line nr="38" mi="0" ci="3" mb="0" cb="0"/><line nr="39" mi="0" ci="7" mb="0" cb="0"/><line nr="40" mi="0" ci="2" mb="0" cb="0"/><line nr="41" mi="0" ci="1" mb="0" cb="0"/><line nr="47" mi="0" ci="3" mb="0" cb="0"/><line nr="48" mi="1" ci="0" mb="0" cb="0"/><line nr="49" mi="4" ci="0" mb="0" cb="0"/><line nr="50" mi="7" ci="0" mb="0" cb="0"/><line nr="51" mi="2" ci="0" mb="0" cb="0"/><line nr="52" mi="1" ci="0" mb="0" cb="0"/><line nr="53" mi="0" ci="1" mb="0" cb="0"/><line nr="55" mi="0" ci="2" mb="1" cb="1"/><line nr="56" mi="0" ci="5" mb="0" cb="0"/><line nr="57" mi="0" ci="7" mb="0" cb="0"/><line nr="58" mi="0" ci="2" mb="0" cb="0"/><line nr="59" mi="0" ci="1" mb="0" cb="0"/><line nr="62" mi="5" ci="0" mb="2" cb="0"/><line nr="63" mi="5" ci="0" mb="0" cb="0"/><line nr="64" mi="7" ci="0" mb="0" cb="0"/><line nr="65" mi="2" ci="0" mb="0" cb="0"/><line nr="66" mi="1" ci="0" mb="0" cb="0"/><line nr="69" mi="5" ci="0" mb="0" cb="0"/><line nr="71" mi="12" ci="0" mb="0" cb="0"/><line nr="73" mi="5" ci="0" mb="0" cb="0"/><line nr="74" mi="3" ci="0" mb="0" cb="0"/><line nr="76" mi="6" ci="0" mb="0" cb="0"/><line nr="77" mi="6" ci="0" mb="0" cb="0"/><line nr="78" mi="1" ci="0" mb="0" cb="0"/><line nr="81" mi="0" ci="4" mb="0" cb="0"/><line nr="82" mi="0" ci="5" mb="0" cb="0"/><line nr="84" mi="0" ci="5" mb="0" cb="0"/><line nr="89" mi="0" ci="3" mb="0" cb="0"/><line nr="90" mi="0" ci="1" mb="0" cb="0"/><line nr="91" mi="0" ci="4" mb="0" cb="0"/><line nr="92" mi="0" ci="5" mb="0" cb="0"/><line nr="93" mi="0" ci="5" mb="0" cb="0"/><line nr="94" mi="0" ci="1" mb="0" cb="0"/><line nr="95" mi="0" ci="1" mb="0" cb="0"/><line nr="97" mi="0" ci="6" mb="0" cb="0"/><line nr="99" mi="0" ci="12" mb="0" cb="0"/><line nr="101" mi="0" ci="5" mb="0" cb="0"/><line nr="102" mi="0" ci="3" mb="0" cb="0"/><line nr="104" mi="0" ci="6" mb="0" cb="0"/><line nr="105" mi="0" ci="6" mb="0" cb="0"/><line nr="106" mi="0" ci="1" mb="0" cb="0"/><line nr="109" mi="0" ci="4" mb="0" cb="0"/><line nr="110" mi="0" ci="4" mb="0" cb="0"/><line nr="112" mi="0" ci="5" mb="0" cb="0"/><line nr="113" mi="0" ci="17" mb="0" cb="0"/><line nr="118" mi="0" ci="10" mb="0" cb="8"/><line nr="119" mi="0" ci="3" mb="0" cb="0"/><line nr="120" mi="0" ci="7" mb="0" cb="0"/><line nr="121" mi="0" ci="2" mb="0" cb="0"/><line nr="122" mi="0" ci="1" mb="0" cb="0"/><line nr="129" mi="0" ci="3" mb="0" cb="0"/><line nr="130" mi="0" ci="3" mb="0" cb="0"/><line nr="131" mi="0" ci="1" mb="0" cb="0"/><line nr="132" mi="0" ci="5" mb="0" cb="0"/><line nr="135" mi="0" ci="7" mb="0" cb="0"/><line nr="136" mi="0" ci="2" mb="0" cb="0"/><line nr="137" mi="0" ci="1" mb="0" cb="0"/><line nr="138" mi="0" ci="1" mb="0" cb="0"/><line nr="140" mi="0" ci="4" mb="0" cb="2"/><line nr="141" mi="0" ci="5" mb="0" cb="0"/><line nr="144" mi="0" ci="7" mb="0" cb="0"/><line nr="145" mi="0" ci="2" mb="0" cb="0"/><line nr="146" mi="0" ci="1" mb="0" cb="0"/><line nr="149" mi="0" ci="6" mb="0" cb="0"/><line nr="151" mi="0" ci="20" mb="0" cb="0"/><line nr="155" mi="0" ci="3" mb="0" cb="0"/><line nr="157" mi="0" ci="6" mb="0" cb="0"/><line nr="158" mi="0" ci="6" mb="0" cb="0"/><line nr="159" mi="0" ci="1" mb="0" cb="0"/><line nr="163" mi="0" ci="2" mb="0" cb="0"/><line nr="164" mi="0" ci="2" mb="0" cb="0"/><line nr="166" mi="0" ci="4" mb="0" cb="0"/><line nr="167" mi="0" ci="1" mb="0" cb="0"/><line nr="170" mi="0" ci="4" mb="0" cb="0"/><line nr="172" mi="0" ci="4" mb="1" cb="1"/><line nr="173" mi="16" ci="0" mb="0" cb="0"/><line nr="176" mi="3" ci="0" mb="0" cb="0"/><line nr="178" mi="6" ci="0" mb="0" cb="0"/><line nr="180" mi="17" ci="0" mb="0" cb="0"/><line nr="185" mi="5" ci="0" mb="0" cb="0"/><line nr="187" mi="0" ci="1" mb="0" cb="0"/><counter type="INSTRUCTION" missed="120" covered="294"/><counter type="BRANCH" missed="4" covered="16"/><counter type="LINE" missed="22" covered="72"/><counter type="COMPLEXITY" missed="3" covered="14"/><counter type="METHOD" missed="0" covered="7"/><counter type="CLASS" missed="0" covered="1"/></sourcefile><counter type="INSTRUCTION" missed="267" covered="414"/><counter type="BRANCH" missed="6" covered="20"/><counter type="LINE" missed="54" covered="108"/><counter type="COMPLEXITY" missed="6" covered="22"/><counter type="METHOD" missed="2" covered="13"/><counter type="CLASS" missed="0" covered="3"/></package><counter type="INSTRUCTION" missed="329" covered="1303"/><counter type="BRANCH" missed="16" covered="78"/><counter type="LINE" missed="74" covered="310"/><counter type="COMPLEXITY" missed="18" covered="88"/><counter type="METHOD" missed="6" covered="53"/><counter type="CLASS" missed="1" covered="12"/></report>