<?xml version="1.0" encoding="UTF-8"?>
<testsuite xmlns:xsi="http://www.w3.org/2001/XMLSchema-instance" xsi:noNamespaceSchemaLocation="https://maven.apache.org/surefire/maven-surefire-plugin/xsd/surefire-test-report-3.0.xsd" version="3.0" name="com.revature.expensemanager.service.ReportExportServiceTest" time="0.036" tests="12" errors="0" skipped="0" failures="0">
  <properties>
[...]
</properties>
  <testcase name="export_nullList_throwsNpe" classname="com.revature.expensemanager.service.ReportExportServiceTest" time="0.011"/>
  <testcase name="export_fileName_followsNamingConvention" classname="com.revature.expensemanager.service.ReportExportServiceTest" time="0.005">
    <system-err><![CDATA[[main] INFO com.revature.expensemanager.service.ReportExportService - CSV report exported successfully: filePath=reports/test-export_2026-07-27_16-05-46.csv, recordCount=2
]]></system-err>
  </testcase>
  <testcase name="export_writesExpectedHeaders" classname="com.revature.expensemanager.service.ReportExportServiceTest" time="0.002">
    <system-err><![CDATA[[main] INFO com.revature.expensemanager.service.ReportExportService - CSV report exported successfully: filePath=reports/test-export_2026-07-27_16-05-46.csv, recordCount=2
]]></system-err>
  </testcase>
  <testcase name="export_emptyList_writesHeaderOnly" classname="com.revature.expensemanager.service.ReportExportServiceTest" time="0.002">
    <system-err><![CDATA[[main] INFO com.revature.expensemanager.service.ReportExportService - CSV report exported successfully: filePath=reports/test-export_2026-07-27_16-05-46.csv, recordCount=0
]]></system-err>
  </testcase>
  <testcase name="export_returnedPathMatchesCreatedFile" classname="com.revature.expensemanager.service.ReportExportServiceTest" time="0.002">
    <system-err><![CDATA[[main] INFO com.revature.expensemanager.service.ReportExportService - CSV report exported successfully: filePath=reports/test-export_2026-07-27_16-05-46.csv, recordCount=2
]]></system-err>
  </testcase>
  <testcase name="export_nonEmptyList_writesFile" classname="com.revature.expensemanager.service.ReportExportServiceTest" time="0.002">
    <system-err><![CDATA[[main] INFO com.revature.expensemanager.service.ReportExportService - CSV report exported successfully: filePath=reports/test-export_2026-07-27_16-05-46.csv, recordCount=2
]]></system-err>
  </testcase>
  <testcase name="export_wrapsWriteFailure_inRuntimeException" classname="com.revature.expensemanager.service.ReportExportServiceTest" time="0.001">
    <system-err><![CDATA[[main] ERROR com.revature.expensemanager.service.ReportExportService - Failed to export CSV report: reportName=sub/dir, recordCount=2
java.io.FileNotFoundException: reports/sub/dir_2026-07-27_16-05-46.csv (No such file or directory)
	at java.base/java.io.FileOutputStream.open0(Native Method)
	at java.base/java.io.FileOutputStream.open(FileOutputStream.java:255)
	at java.base/java.io.FileOutputStream.<init>(FileOutputStream.java:210)
	at java.base/java.io.FileOutputStream.<init>(FileOutputStream.java:171)
	at com.fasterxml.jackson.dataformat.csv.CsvFactory.createGenerator(CsvFactory.java:366)
	at com.fasterxml.jackson.dataformat.csv.CsvFactory.createGenerator(CsvFactory.java:14)
	at com.fasterxml.jackson.databind.ObjectWriter.createGenerator(ObjectWriter.java:764)
	at com.fasterxml.jackson.databind.ObjectWriter.writeValue(ObjectWriter.java:1081)
	at com.revature.expensemanager.service.ReportExportService.exportExpensesToCsv(ReportExportService.java:38)
	at com.revature.expensemanager.service.ReportExportServiceTest.lambda$export_wrapsWriteFailure_inRuntimeException$0(ReportExportServiceTest.java:188)
	at org.junit.jupiter.api.AssertThrows.assertThrows(AssertThrows.java:53)
	at org.junit.jupiter.api.AssertThrows.assertThrows(AssertThrows.java:35)
	at org.junit.jupiter.api.Assertions.assertThrows(Assertions.java:3115)
	at com.revature.expensemanager.service.ReportExportServiceTest.export_wrapsWriteFailure_inRuntimeException(ReportExportServiceTest.java:187)
	at java.base/jdk.internal.reflect.DirectMethodHandleAccessor.invoke(DirectMethodHandleAccessor.java:104)
	at java.base/java.lang.reflect.Method.invoke(Method.java:565)
	at org.junit.platform.commons.util.ReflectionUtils.invokeMethod(ReflectionUtils.java:728)
	at org.junit.jupiter.engine.execution.MethodInvocation.proceed(MethodInvocation.java:60)
	at org.junit.jupiter.engine.execution.InvocationInterceptorChain$ValidatingInvocation.proceed(InvocationInterceptorChain.java:131)
	at org.junit.jupiter.engine.extension.TimeoutExtension.intercept(TimeoutExtension.java:156)
	at org.junit.jupiter.engine.extension.TimeoutExtension.interceptTestableMethod(TimeoutExtension.java:147)
	at org.junit.jupiter.engine.extension.TimeoutExtension.interceptTestMethod(TimeoutExtension.java:86)
	at org.junit.jupiter.engine.execution.InterceptingExecutableInvoker$ReflectiveInterceptorCall.lambda$ofVoidMethod$0(InterceptingExecutableInvoker.java:103)
	at org.junit.jupiter.engine.execution.InterceptingExecutableInvoker.lambda$invoke$0(InterceptingExecutableInvoker.java:93)
	at org.junit.jupiter.engine.execution.InvocationInterceptorChain$InterceptedInvocation.proceed(InvocationInterceptorChain.java:106)
	at org.junit.jupiter.engine.execution.InvocationInterceptorChain.proceed(InvocationInterceptorChain.java:64)
	at org.junit.jupiter.engine.execution.InvocationInterceptorChain.chainAndInvoke(InvocationInterceptorChain.java:45)
	at org.junit.jupiter.engine.execution.InvocationInterceptorChain.invoke(InvocationInterceptorChain.java:37)
	at org.junit.jupiter.engine.execution.InterceptingExecutableInvoker.invoke(InterceptingExecutableInvoker.java:92)
	at org.junit.jupiter.engine.execution.InterceptingExecutableInvoker.invoke(InterceptingExecutableInvoker.java:86)
	at org.junit.jupiter.engine.descriptor.TestMethodTestDescriptor.lambda$invokeTestMethod$7(TestMethodTestDescriptor.java:218)
	at org.junit.platform.engine.support.hierarchical.ThrowableCollector.execute(ThrowableCollector.java:73)
	at org.junit.jupiter.engine.descriptor.TestMethodTestDescriptor.invokeTestMethod(TestMethodTestDescriptor.java:214)
	at org.junit.jupiter.engine.descriptor.TestMethodTestDescriptor.execute(TestMethodTestDescriptor.java:139)
	at org.junit.jupiter.engine.descriptor.TestMethodTestDescriptor.execute(TestMethodTestDescriptor.java:69)
	at org.junit.platform.engine.support.hierarchical.NodeTestTask.lambda$executeRecursively$6(NodeTestTask.java:151)
	at org.junit.platform.engine.support.hierarchical.ThrowableCollector.execute(ThrowableCollector.java:73)
	at org.junit.platform.engine.support.hierarchical.NodeTestTask.lambda$executeRecursively$8(NodeTestTask.java:141)
	at org.junit.platform.engine.support.hierarchical.Node.around(Node.java:137)
	at org.junit.platform.engine.support.hierarchical.NodeTestTask.lambda$executeRecursively$9(NodeTestTask.java:139)
	at org.junit.platform.engine.support.hierarchical.ThrowableCollector.execute(ThrowableCollector.java:73)
	at org.junit.platform.engine.support.hierarchical.NodeTestTask.executeRecursively(NodeTestTask.java:138)
	at org.junit.platform.engine.support.hierarchical.NodeTestTask.execute(NodeTestTask.java:95)
	at java.base/java.util.ArrayList.forEach(ArrayList.java:1612)
	at org.junit.platform.engine.support.hierarchical.SameThreadHierarchicalTestExecutorService.invokeAll(SameThreadHierarchicalTestExecutorService.java:41)
	at org.junit.platform.engine.support.hierarchical.NodeTestTask.lambda$executeRecursively$6(NodeTestTask.java:155)
	at org.junit.platform.engine.support.hierarchical.ThrowableCollector.execute(ThrowableCollector.java:73)
	at org.junit.platform.engine.support.hierarchical.NodeTestTask.lambda$executeRecursively$8(NodeTestTask.java:141)
	at org.junit.platform.engine.support.hierarchical.Node.around(Node.java:137)
	at org.junit.platform.engine.support.hierarchical.NodeTestTask.lambda$executeRecursively$9(NodeTestTask.java:139)
	at org.junit.platform.engine.support.hierarchical.ThrowableCollector.execute(ThrowableCollector.java:73)
	at org.junit.platform.engine.support.hierarchical.NodeTestTask.executeRecursively(NodeTestTask.java:138)
	at org.junit.platform.engine.support.hierarchical.NodeTestTask.execute(NodeTestTask.java:95)
	at java.base/java.util.ArrayList.forEach(ArrayList.java:1612)
	at org.junit.platform.engine.support.hierarchical.SameThreadHierarchicalTestExecutorService.invokeAll(SameThreadHierarchicalTestExecutorService.java:41)
	at org.junit.platform.engine.support.hierarchical.NodeTestTask.lambda$executeRecursively$6(NodeTestTask.java:155)
	at org.junit.platform.engine.support.hierarchical.ThrowableCollector.execute(ThrowableCollector.java:73)
	at org.junit.platform.engine.support.hierarchical.NodeTestTask.lambda$executeRecursively$8(NodeTestTask.java:141)
	at org.junit.platform.engine.support.hierarchical.Node.around(Node.java:137)
	at org.junit.platform.engine.support.hierarchical.NodeTestTask.lambda$executeRecursively$9(NodeTestTask.java:139)
	at org.junit.platform.engine.support.hierarchical.ThrowableCollector.execute(ThrowableCollector.java:73)
	at org.junit.platform.engine.support.hierarchical.NodeTestTask.executeRecursively(NodeTestTask.java:138)
	at org.junit.platform.engine.support.hierarchical.NodeTestTask.execute(NodeTestTask.java:95)
	at org.junit.platform.engine.support.hierarchical.SameThreadHierarchicalTestExecutorService.submit(SameThreadHierarchicalTestExecutorService.java:35)
	at org.junit.platform.engine.support.hierarchical.HierarchicalTestExecutor.execute(HierarchicalTestExecutor.java:57)
	at org.junit.platform.engine.support.hierarchical.HierarchicalTestEngine.execute(HierarchicalTestEngine.java:54)
	at org.junit.platform.launcher.core.EngineExecutionOrchestrator.execute(EngineExecutionOrchestrator.java:198)
	at org.junit.platform.launcher.core.EngineExecutionOrchestrator.execute(EngineExecutionOrchestrator.java:169)
	at org.junit.platform.launcher.core.EngineExecutionOrchestrator.execute(EngineExecutionOrchestrator.java:93)
	at org.junit.platform.launcher.core.EngineExecutionOrchestrator.lambda$execute$0(EngineExecutionOrchestrator.java:58)
	at org.junit.platform.launcher.core.EngineExecutionOrchestrator.withInterceptedStreams(EngineExecutionOrchestrator.java:141)
	at org.junit.platform.launcher.core.EngineExecutionOrchestrator.execute(EngineExecutionOrchestrator.java:57)
	at org.junit.platform.launcher.core.DefaultLauncher.execute(DefaultLauncher.java:103)
	at org.junit.platform.launcher.core.DefaultLauncher.execute(DefaultLauncher.java:85)
	at org.junit.platform.launcher.core.DelegatingLauncher.execute(DelegatingLauncher.java:47)
	at org.apache.maven.surefire.junitplatform.LazyLauncher.execute(LazyLauncher.java:56)
	at org.apache.maven.surefire.junitplatform.JUnitPlatformProvider.execute(JUnitPlatformProvider.java:184)
	at org.apache.maven.surefire.junitplatform.JUnitPlatformProvider.invokeAllTests(JUnitPlatformProvider.java:148)
	at org.apache.maven.surefire.junitplatform.JUnitPlatformProvider.invoke(JUnitPlatformProvider.java:122)
	at org.apache.maven.surefire.booter.ForkedBooter.runSuitesInProcess(ForkedBooter.java:385)
	at org.apache.maven.surefire.booter.ForkedBooter.execute(ForkedBooter.java:162)
	at org.apache.maven.surefire.booter.ForkedBooter.run(ForkedBooter.java:507)
	at org.apache.maven.surefire.booter.ForkedBooter.main(ForkedBooter.java:495)
]]></system-err>
  </testcase>
  <testcase name="export_writesFieldValues" classname="com.revature.expensemanager.service.ReportExportServiceTest" time="0.002">
    <system-err><![CDATA[[main] INFO com.revature.expensemanager.service.ReportExportService - CSV report exported successfully: filePath=reports/test-export_2026-07-27_16-05-46.csv, recordCount=2
]]></system-err>
  </testcase>
  <testcase name="export_blankReportName_isNotValidated" classname="com.revature.expensemanager.service.ReportExportServiceTest" time="0.001">
    <system-err><![CDATA[[main] INFO com.revature.expensemanager.service.ReportExportService - CSV report exported successfully: filePath=reports/_2026-07-27_16-05-46.csv, recordCount=2
]]></system-err>
  </testcase>
  <testcase name="export_writesRowPerExpense" classname="com.revature.expensemanager.service.ReportExportServiceTest" time="0.003">
    <system-err><![CDATA[[main] INFO com.revature.expensemanager.service.ReportExportService - CSV report exported successfully: filePath=reports/test-export_2026-07-27_16-05-46.csv, recordCount=2
]]></system-err>
  </testcase>
  <testcase name="export_createsReportsDirectory" classname="com.revature.expensemanager.service.ReportExportServiceTest" time="0.001">
    <system-err><![CDATA[[main] INFO com.revature.expensemanager.service.ReportExportService - CSV report exported successfully: filePath=reports/test-export_2026-07-27_16-05-46.csv, recordCount=2
]]></system-err>
  </testcase>
  <testcase name="export_fileName_includesReportName" classname="com.revature.expensemanager.service.ReportExportServiceTest" time="0.001">
    <system-err><![CDATA[[main] INFO com.revature.expensemanager.service.ReportExportService - CSV report exported successfully: filePath=reports/test-export_2026-07-27_16-05-46.csv, recordCount=2
]]></system-err>
  </testcase>
</testsuite>