<?xml version="1.0" encoding="UTF-8"?>
<testsuite xmlns:xsi="http://www.w3.org/2001/XMLSchema-instance" xsi:noNamespaceSchemaLocation="https://maven.apache.org/surefire/maven-surefire-plugin/xsd/surefire-test-report-3.0.xsd" version="3.0" name="com.revature.expensemanager.service.AuthServiceTest" time="1.521" tests="11" errors="0" skipped="0" failures="0">
  <properties>
[...]
</properties>
  <testcase name="login_returnsEmpty_whenEmployeeAttemptsLogin" classname="com.revature.expensemanager.service.AuthServiceTest" time="0.509">
    <system-err><![CDATA[[main] INFO com.revature.expensemanager.service.AuthService - Authenticating manager login for username=employee1
[main] WARN com.revature.expensemanager.service.AuthService - Manager authentication failed for username=employee1
]]></system-err>
  </testcase>
  <testcase name="login_propagatesDaoException" classname="com.revature.expensemanager.service.AuthServiceTest" time="0.001">
    <system-err><![CDATA[[main] INFO com.revature.expensemanager.service.AuthService - Authenticating manager login for username=manager1
]]></system-err>
  </testcase>
  <testcase name="login_returnsEmpty_withoutCallingDao_whenPasswordIsNullOrBlank(String)[1]" classname="com.revature.expensemanager.service.AuthServiceTest" time="0.0">
    <system-err><![CDATA[[main] WARN com.revature.expensemanager.service.AuthService - Login failed: username or password was blank.
]]></system-err>
  </testcase>
  <testcase name="login_returnsEmpty_withoutCallingDao_whenPasswordIsNullOrBlank(String)[2]" classname="com.revature.expensemanager.service.AuthServiceTest" time="0.0">
    <system-err><![CDATA[[main] WARN com.revature.expensemanager.service.AuthService - Login failed: username or password was blank.
]]></system-err>
  </testcase>
  <testcase name="login_returnsEmpty_withoutCallingDao_whenPasswordIsNullOrBlank(String)[3]" classname="com.revature.expensemanager.service.AuthServiceTest" time="0.001">
    <system-err><![CDATA[[main] WARN com.revature.expensemanager.service.AuthService - Login failed: username or password was blank.
]]></system-err>
  </testcase>
  <testcase name="login_returnsEmpty_whenPasswordIsIncorrect" classname="com.revature.expensemanager.service.AuthServiceTest" time="0.504">
    <system-err><![CDATA[[main] INFO com.revature.expensemanager.service.AuthService - Authenticating manager login for username=manager1
[main] WARN com.revature.expensemanager.service.AuthService - Manager authentication failed for username=manager1
]]></system-err>
  </testcase>
  <testcase name="login_returnsManagerResponse_whenManagerCredentialsAreValid" classname="com.revature.expensemanager.service.AuthServiceTest" time="0.502">
    <system-err><![CDATA[[main] INFO com.revature.expensemanager.service.AuthService - Authenticating manager login for username=manager1
[main] INFO com.revature.expensemanager.service.AuthService - Manager authenticated successfully: username=manager1
]]></system-err>
  </testcase>
  <testcase name="login_returnsEmpty_whenUsernameIsUnknown" classname="com.revature.expensemanager.service.AuthServiceTest" time="0.001">
    <system-err><![CDATA[[main] INFO com.revature.expensemanager.service.AuthService - Authenticating manager login for username=unknown-manager
[main] WARN com.revature.expensemanager.service.AuthService - Manager authentication failed for username=unknown-manager
]]></system-err>
  </testcase>
  <testcase name="login_returnsEmpty_withoutCallingDao_whenUsernameIsNullOrBlank(String)[1]" classname="com.revature.expensemanager.service.AuthServiceTest" time="0.001">
    <system-err><![CDATA[[main] WARN com.revature.expensemanager.service.AuthService - Login failed: username or password was blank.
]]></system-err>
  </testcase>
  <testcase name="login_returnsEmpty_withoutCallingDao_whenUsernameIsNullOrBlank(String)[2]" classname="com.revature.expensemanager.service.AuthServiceTest" time="0.0">
    <system-err><![CDATA[[main] WARN com.revature.expensemanager.service.AuthService - Login failed: username or password was blank.
]]></system-err>
  </testcase>
  <testcase name="login_returnsEmpty_withoutCallingDao_whenUsernameIsNullOrBlank(String)[3]" classname="com.revature.expensemanager.service.AuthServiceTest" time="0.001">
    <system-err><![CDATA[[main] WARN com.revature.expensemanager.service.AuthService - Login failed: username or password was blank.
]]></system-err>
  </testcase>
</testsuite>