<?xml version="1.0" encoding="UTF-8"?>
<testsuite xmlns:xsi="http://www.w3.org/2001/XMLSchema-instance" xsi:noNamespaceSchemaLocation="https://maven.apache.org/surefire/maven-surefire-plugin/xsd/surefire-test-report.xsd" version="3.0.2" name="com.revature.assertionTests" time="0.035" tests="5" errors="0" skipped="0" failures="0" flakes="0">
  <properties>
[...]
</properties>
  <testcase name="parseUser" classname="com.revature.assertionTests" time="0.019"/>
  <testcase name="splitTests" classname="com.revature.assertionTests" time="0.003"/>
  <testcase name="manualReverseTest" classname="com.revature.assertionTests" time="0.001"/>
  <testcase name="findFirst" classname="com.revature.assertionTests" time="0.001"/>
  <testcase name="isEmpty" classname="com.revature.assertionTests" time="0.0"/>
</testsuite>