-------------------------------------------------------------------------------
Test set: cuc.steps.BasicTestsRunnerTest
-------------------------------------------------------------------------------
Tests run: 7, Failures: 1, Errors: 0, Skipped: 0, Time elapsed: 20.04 s <<< FAILURE! -- in cuc.steps.BasicTestsRunnerTest
User Authentication - Successful login with valid credentials - Valid Credentials.User Authentication - Successful login with valid credentials - Valid Credentials - Example #1.1 -- Time elapsed: 3.653 s <<< FAILURE!
org.opentest4j.AssertionFailedError: 
Expected success flash but got: [Your password is invalid!
×] ==> expected: <true> but was: <false>
	at cuc.steps.LoginValidInvalidDataSteps.the_should_be_displayed(LoginValidInvalidDataSteps.java:91)
	at ✽.the "success message" should be displayed(classpath:features/login_data_valid_invalid.feature:23)

