<?xml version="1.0" encoding="UTF-8"?>
<testsuite xmlns:xsi="http://www.w3.org/2001/XMLSchema-instance" xsi:noNamespaceSchemaLocation="https://maven.apache.org/surefire/maven-surefire-plugin/xsd/surefire-test-report-3.0.xsd" version="3.0" name="cuc.steps.BasicTestsRunnerTest" time="20.042" tests="7" errors="0" skipped="0" failures="1">
  <properties>
[...]
</properties>
  <testcase name="User Authentication - Successful login with valid credentials - Valid Credentials - Example #1.1" classname="User Authentication - Successful login with valid credentials - Valid Credentials" time="3.653">
    <failure message="Expected success flash but got: [Your password is invalid!&#10;×] ==&gt; expected: &lt;true&gt; but was: &lt;false&gt;" type="org.opentest4j.AssertionFailedError"><![CDATA[org.opentest4j.AssertionFailedError: 
Expected success flash but got: [Your password is invalid!
×] ==> expected: <true> but was: <false>
	at cuc.steps.LoginValidInvalidDataSteps.the_should_be_displayed(LoginValidInvalidDataSteps.java:91)
	at ✽.the "success message" should be displayed(classpath:features/login_data_valid_invalid.feature:23)
]]></failure>
    <system-err><![CDATA[Jul 23, 2026 10:08:51 AM org.openqa.selenium.devtools.CdpVersionFinder findNearestMatch
WARNING: Unable to find an exact match for CDP version 151, returning the closest version; found: 149; Please update to a Selenium version that supports CDP version 151
]]></system-err>
  </testcase>
  <testcase name="User Authentication - Successful login with valid credentials - Invalid Credentials - Example #2.1" classname="User Authentication - Successful login with valid credentials - Invalid Credentials" time="2.711">
    <system-err><![CDATA[Jul 23, 2026 10:08:53 AM org.openqa.selenium.devtools.CdpVersionFinder findNearestMatch
WARNING: Unable to find an exact match for CDP version 151, returning the closest version; found: 149; Please update to a Selenium version that supports CDP version 151
]]></system-err>
  </testcase>
  <testcase name="User Authentication - Successful login with valid credentials - Invalid Credentials - Example #2.2" classname="User Authentication - Successful login with valid credentials - Invalid Credentials" time="2.911">
    <system-err><![CDATA[Jul 23, 2026 10:08:56 AM org.openqa.selenium.devtools.CdpVersionFinder findNearestMatch
WARNING: Unable to find an exact match for CDP version 151, returning the closest version; found: 149; Please update to a Selenium version that supports CDP version 151
]]></system-err>
  </testcase>
  <testcase name="User Authentication - Successful login with valid credentials - Invalid Credentials - Example #2.3" classname="User Authentication - Successful login with valid credentials - Invalid Credentials" time="2.667">
    <system-err><![CDATA[Jul 23, 2026 10:08:59 AM org.openqa.selenium.devtools.CdpVersionFinder findNearestMatch
WARNING: Unable to find an exact match for CDP version 151, returning the closest version; found: 149; Please update to a Selenium version that supports CDP version 151
]]></system-err>
  </testcase>
  <testcase name="User Authentication - Successful login with valid credentials - Invalid Credentials - Example #2.4" classname="User Authentication - Successful login with valid credentials - Invalid Credentials" time="2.693">
    <system-err><![CDATA[Jul 23, 2026 10:09:02 AM org.openqa.selenium.devtools.CdpVersionFinder findNearestMatch
WARNING: Unable to find an exact match for CDP version 151, returning the closest version; found: 149; Please update to a Selenium version that supports CDP version 151
]]></system-err>
  </testcase>
  <testcase name="User Authentication - Successful login with valid credentials - Invalid Credentials - Example #2.5" classname="User Authentication - Successful login with valid credentials - Invalid Credentials" time="2.628">
    <system-err><![CDATA[Jul 23, 2026 10:09:04 AM org.openqa.selenium.devtools.CdpVersionFinder findNearestMatch
WARNING: Unable to find an exact match for CDP version 151, returning the closest version; found: 149; Please update to a Selenium version that supports CDP version 151
]]></system-err>
  </testcase>
  <testcase name="User Authentication - Successful login with valid credentials - Invalid Credentials - Example #2.6" classname="User Authentication - Successful login with valid credentials - Invalid Credentials" time="2.685">
    <system-err><![CDATA[Jul 23, 2026 10:09:07 AM org.openqa.selenium.devtools.CdpVersionFinder findNearestMatch
WARNING: Unable to find an exact match for CDP version 151, returning the closest version; found: 149; Please update to a Selenium version that supports CDP version 151
]]></system-err>
  </testcase>
</testsuite>