<?xml version="1.0" encoding="UTF-8"?>
<testsuite xmlns:xsi="http://www.w3.org/2001/XMLSchema-instance" xsi:noNamespaceSchemaLocation="https://maven.apache.org/surefire/maven-surefire-plugin/xsd/surefire-test-report-3.0.xsd" version="3.0" name="com.revature.ExerciseTests" time="0.03" tests="3" errors="0" skipped="0" failures="0">
  <properties>
[...]
</properties>
  <testcase name="testBasic" classname="com.revature.ExerciseTests" time="0.019">
    <system-out><![CDATA[OXOOOX
OXOXOO
XXOOOX
OXXXOO
OOXOOX
OXOOOO
OOXOOX
OOXOOO
OXOOOO
OXOOXX
[0, 0, 0, 0, 0, 0, 0, 0]
[0, 0, 1, 0, 0, 0, 1, 0]
[0, 0, 1, 0, 1, 0, 0, 0]
[0, 1, 1, 0, 0, 0, 1, 0]
[0, 0, 1, 1, 1, 0, 0, 0]
[0, 0, 0, 1, 0, 0, 1, 0]
[0, 0, 1, 0, 0, 0, 0, 0]
[0, 0, 0, 1, 0, 0, 1, 0]
[0, 0, 0, 1, 0, 0, 0, 0]
[0, 0, 1, 0, 0, 0, 0, 0]
[0, 0, 1, 0, 0, 1, 1, 0]
[0, 0, 0, 0, 0, 0, 0, 0]
Found Land
000
010
010
Added Perimeter: 3
Found Land
000
010
000
Added Perimeter: 4
Found Land
010
010
110
Added Perimeter: 2
Found Land
000
010
000
Added Perimeter: 4
Found Land
001
011
001
Added Perimeter: 3
Found Land
010
110
011
Added Perimeter: 1
Found Land
000
010
000
Added Perimeter: 4
Found Land
110
011
001
Added Perimeter: 2
Found Land
100
111
010
Added Perimeter: 1
Found Land
000
110
100
Added Perimeter: 3
Found Land
111
010
100
Added Perimeter: 3
Found Land
000
010
000
Added Perimeter: 4
Found Land
001
010
001
Added Perimeter: 4
Found Land
100
010
010
Added Perimeter: 3
Found Land
000
010
000
Added Perimeter: 4
Found Land
010
010
100
Added Perimeter: 3
Found Land
001
010
010
Added Perimeter: 3
Found Land
010
010
000
Added Perimeter: 3
Found Land
000
011
000
Added Perimeter: 3
Found Land
000
110
000
Added Perimeter: 3
OXOOO
OOXXX
OXXOO
XOOOO
XOOOO
XXXOO
XOXOO
OOOXO
OXOOX
XOOOO
OOOXO
[0, 0, 0, 0, 0, 0, 0]
[0, 0, 1, 0, 0, 0, 0]
[0, 0, 0, 1, 1, 1, 0]
[0, 0, 1, 1, 0, 0, 0]
[0, 1, 0, 0, 0, 0, 0]
[0, 1, 0, 0, 0, 0, 0]
[0, 1, 1, 1, 0, 0, 0]
[0, 1, 0, 1, 0, 0, 0]
[0, 0, 0, 0, 1, 0, 0]
[0, 0, 1, 0, 0, 1, 0]
[0, 1, 0, 0, 0, 0, 0]
[0, 0, 0, 0, 1, 0, 0]
[0, 0, 0, 0, 0, 0, 0]
Found Land
000
010
001
Added Perimeter: 4
Found Land
100
011
110
Added Perimeter: 2
Found Land
000
111
100
Added Perimeter: 2
Found Land
000
110
000
Added Perimeter: 3
Found Land
001
011
100
Added Perimeter: 3
Found Land
011
110
000
Added Perimeter: 2
Found Land
001
010
010
Added Perimeter: 3
Found Land
010
010
011
Added Perimeter: 2
Found Land
010
011
010
Added Perimeter: 1
Found Land
100
111
101
Added Perimeter: 2
Found Land
000
110
010
Added Perimeter: 2
Found Land
011
010
000
Added Perimeter: 3
Found Land
110
010
001
Added Perimeter: 3
Found Land
100
010
001
Added Perimeter: 4
Found Land
000
010
100
Added Perimeter: 4
Found Land
100
010
000
Added Perimeter: 4
Found Land
001
010
000
Added Perimeter: 4
Found Land
000
010
000
Added Perimeter: 4
XXXXXOOO
OOXOOOOO
OOOOOOXO
XXXOOOXO
OXOXXOOX
[0, 0, 0, 0, 0, 0, 0, 0, 0, 0]
[0, 1, 1, 1, 1, 1, 0, 0, 0, 0]
[0, 0, 0, 1, 0, 0, 0, 0, 0, 0]
[0, 0, 0, 0, 0, 0, 0, 1, 0, 0]
[0, 1, 1, 1, 0, 0, 0, 1, 0, 0]
[0, 0, 1, 0, 1, 1, 0, 0, 1, 0]
[0, 0, 0, 0, 0, 0, 0, 0, 0, 0]
Found Land
000
011
000
Added Perimeter: 3
Found Land
000
111
001
Added Perimeter: 2
Found Land
000
111
010
Added Perimeter: 1
Found Land
000
111
100
Added Perimeter: 2
Found Land
000
110
000
Added Perimeter: 3
Found Land
111
010
000
Added Perimeter: 3
Found Land
000
010
010
Added Perimeter: 3
Found Land
000
011
001
Added Perimeter: 3
Found Land
000
111
010
Added Perimeter: 1
Found Land
000
110
101
Added Perimeter: 3
Found Land
010
010
001
Added Perimeter: 3
Found Land
111
010
000
Added Perimeter: 3
Found Land
100
011
000
Added Perimeter: 3
Found Land
000
110
000
Added Perimeter: 3
Found Land
100
010
000
Added Perimeter: 4
XOOOXOO
OXOOOOO
XOXOXOO
OXOXXOO
OOOOOXX
OOOXOXX
XXXXOXO
[0, 0, 0, 0, 0, 0, 0, 0, 0]
[0, 1, 0, 0, 0, 1, 0, 0, 0]
[0, 0, 1, 0, 0, 0, 0, 0, 0]
[0, 1, 0, 1, 0, 1, 0, 0, 0]
[0, 0, 1, 0, 1, 1, 0, 0, 0]
[0, 0, 0, 0, 0, 0, 1, 1, 0]
[0, 0, 0, 0, 1, 0, 1, 1, 0]
[0, 1, 1, 1, 1, 0, 1, 0, 0]
[0, 0, 0, 0, 0, 0, 0, 0, 0]
Found Land
000
010
001
Added Perimeter: 4
Found Land
000
010
000
Added Perimeter: 4
Found Land
100
010
101
Added Perimeter: 4
Found Land
001
010
001
Added Perimeter: 4
Found Land
100
010
101
Added Perimeter: 4
Found Land
000
010
110
Added Perimeter: 3
Found Land
101
010
000
Added Perimeter: 4
Found Land
101
011
000
Added Perimeter: 3
Found Land
010
110
001
Added Perimeter: 2
Found Land
100
011
011
Added Perimeter: 2
Found Land
000
110
110
Added Perimeter: 2
Found Land
000
010
110
Added Perimeter: 3
Found Land
011
011
010
Added Perimeter: 1
Found Land
110
110
100
Added Perimeter: 2
Found Land
000
011
000
Added Perimeter: 3
Found Land
000
111
000
Added Perimeter: 2
Found Land
001
111
000
Added Perimeter: 2
Found Land
010
110
000
Added Perimeter: 2
Found Land
011
010
000
Added Perimeter: 3
OOOOXO
XOXOOX
XXOXOX
XOXOOO
OOOOOO
OOOXOO
OOXXOO
[0, 0, 0, 0, 0, 0, 0, 0]
[0, 0, 0, 0, 0, 1, 0, 0]
[0, 1, 0, 1, 0, 0, 1, 0]
[0, 1, 1, 0, 1, 0, 1, 0]
[0, 1, 0, 1, 0, 0, 0, 0]
[0, 0, 0, 0, 0, 0, 0, 0]
[0, 0, 0, 0, 1, 0, 0, 0]
[0, 0, 0, 1, 1, 0, 0, 0]
[0, 0, 0, 0, 0, 0, 0, 0]
Found Land
000
010
001
Added Perimeter: 4
Found Land
000
010
011
Added Perimeter: 3
Found Land
000
010
101
Added Perimeter: 4
Found Land
100
010
010
Added Perimeter: 3
Found Land
010
011
010
Added Perimeter: 1
Found Land
101
110
101
Added Perimeter: 3
Found Land
100
010
100
Added Perimeter: 4
Found Land
010
010
000
Added Perimeter: 3
Found Land
011
010
000
Added Perimeter: 3
Found Land
101
010
000
Added Perimeter: 4
Found Land
000
010
110
Added Perimeter: 3
Found Land
001
011
000
Added Perimeter: 3
Found Land
010
110
000
Added Perimeter: 2
X
[0, 0, 0]
[0, 1, 0]
[0, 0, 0]
Found Land
000
010
000
Added Perimeter: 4
]]></system-out>
  </testcase>
  <testcase name="outlierTests" classname="com.revature.ExerciseTests" time="0.0"/>
  <testcase name="ipAddressTest" classname="com.revature.ExerciseTests" time="0.001"/>
</testsuite>