<?xml version="1.0" encoding="UTF-8"?>
<testsuite xmlns:xsi="http://www.w3.org/2001/XMLSchema-instance" xsi:noNamespaceSchemaLocation="https://maven.apache.org/surefire/maven-surefire-plugin/xsd/surefire-test-report-3.0.xsd" version="3.0" name="cuc.steps.BasicTestsRunnerTest" time="31.147" tests="10" errors="0" skipped="0" failures="0">
  <properties>
[...]
</properties>
  <testcase name="Authentication and route protection - Unauthenticated access to the employee dashboard redirects to a recoverable sign-in state" classname="Authentication and route protection" time="2.755">
    <system-err><![CDATA[SLF4J(W): No SLF4J providers were found.
SLF4J(W): Defaulting to no-operation (NOP) logger implementation
SLF4J(W): See https://www.slf4j.org/codes.html#noProviders for further details.
Jul 31, 2026 3:37:36 PM org.openqa.selenium.devtools.CdpVersionFinder findNearestMatch
WARNING: Unable to find an exact match for CDP version 151, returning the closest version; found: 149; Please update to a Selenium version that supports CDP version 151
]]></system-err>
  </testcase>
  <testcase name="Authentication and route protection - Unauthenticated access to the manager dashboard redirects to a recoverable sign-in state" classname="Authentication and route protection" time="2.178">
    <system-err><![CDATA[Jul 31, 2026 3:37:38 PM org.openqa.selenium.devtools.CdpVersionFinder findNearestMatch
WARNING: Unable to find an exact match for CDP version 151, returning the closest version; found: 149; Please update to a Selenium version that supports CDP version 151
]]></system-err>
  </testcase>
  <testcase name="Authentication and route protection - Manager credentials are rejected on the employee login" classname="Authentication and route protection" time="2.135">
    <system-err><![CDATA[Jul 31, 2026 3:37:40 PM org.openqa.selenium.devtools.CdpVersionFinder findNearestMatch
WARNING: Unable to find an exact match for CDP version 151, returning the closest version; found: 149; Please update to a Selenium version that supports CDP version 151
]]></system-err>
  </testcase>
  <testcase name="Authentication and route protection - Employee credentials are rejected on the manager login" classname="Authentication and route protection" time="2.689">
    <system-err><![CDATA[Jul 31, 2026 3:37:42 PM org.openqa.selenium.devtools.CdpVersionFinder findNearestMatch
WARNING: Unable to find an exact match for CDP version 151, returning the closest version; found: 149; Please update to a Selenium version that supports CDP version 151
]]></system-err>
  </testcase>
  <testcase name="Authentication and route protection - Wrong password is rejected with a clear error" classname="Authentication and route protection" time="2.165">
    <system-err><![CDATA[Jul 31, 2026 3:37:45 PM org.openqa.selenium.devtools.CdpVersionFinder findNearestMatch
WARNING: Unable to find an exact match for CDP version 151, returning the closest version; found: 149; Please update to a Selenium version that supports CDP version 151
]]></system-err>
  </testcase>
  <testcase name="Cross-role expense lifecycle - Manager&apos;s decision on a submitted expense is reflected in the employee&apos;s ledger" classname="Cross-role expense lifecycle" time="5.123">
    <system-err><![CDATA[Jul 31, 2026 3:37:47 PM org.openqa.selenium.devtools.CdpVersionFinder findNearestMatch
WARNING: Unable to find an exact match for CDP version 151, returning the closest version; found: 149; Please update to a Selenium version that supports CDP version 151
]]></system-err>
  </testcase>
  <testcase name="Employee expense lifecycle - Employee submits an expense, confirms it is pending, edits it, then deletes it" classname="Employee expense lifecycle" time="3.884">
    <system-err><![CDATA[Jul 31, 2026 3:37:52 PM org.openqa.selenium.devtools.CdpVersionFinder findNearestMatch
WARNING: Unable to find an exact match for CDP version 151, returning the closest version; found: 149; Please update to a Selenium version that supports CDP version 151
]]></system-err>
  </testcase>
  <testcase name="Expense validation and recovery - Invalid expense submission is rejected without creating a record, then a corrected resubmission succeeds" classname="Expense validation and recovery" time="3.673">
    <system-err><![CDATA[Jul 31, 2026 3:37:56 PM org.openqa.selenium.devtools.CdpVersionFinder findNearestMatch
WARNING: Unable to find an exact match for CDP version 151, returning the closest version; found: 149; Please update to a Selenium version that supports CDP version 151
]]></system-err>
  </testcase>
  <testcase name="Manager review lifecycle - Manager reviews a pending expense - Examples - Example #1.1" classname="Manager review lifecycle - Manager reviews a pending expense - Examples" time="3.206">
    <system-err><![CDATA[Jul 31, 2026 3:37:59 PM org.openqa.selenium.devtools.CdpVersionFinder findNearestMatch
WARNING: Unable to find an exact match for CDP version 151, returning the closest version; found: 149; Please update to a Selenium version that supports CDP version 151
]]></system-err>
  </testcase>
  <testcase name="Manager review lifecycle - Manager reviews a pending expense - Examples - Example #1.2" classname="Manager review lifecycle - Manager reviews a pending expense - Examples" time="3.228">
    <system-err><![CDATA[Jul 31, 2026 3:38:03 PM org.openqa.selenium.devtools.CdpVersionFinder findNearestMatch
WARNING: Unable to find an exact match for CDP version 151, returning the closest version; found: 149; Please update to a Selenium version that supports CDP version 151
]]></system-err>
  </testcase>
</testsuite>